2023-04-28 05:26:39 Loading main app package /usr/lib/obsidian/obsidian.asar
2023-04-28 05:26:51 Checking for update using Github
2023-04-28 05:27:21 Failed to check for update using Github (net::ERR_TIMED_OUT)
2023-04-28 05:27:21 Checking for update using obsidian.md
2023-04-28 05:27:21 Success.
2023-04-28 05:27:21 Latest version is 1.1.16
2023-04-28 05:27:21 App is up to date.
2023-04-28 06:01:08 Loading main app package /usr/lib/obsidian/obsidian.asar
2023-04-28 06:01:10 Checking for update using Github
2023-04-28 06:01:22 Loading main app package /usr/lib/obsidian/obsidian.asar
2023-04-28 06:01:22 Checking for update using Github
2023-04-28 06:01:52 Failed to check for update using Github (net::ERR_TIMED_OUT)
2023-04-28 06:01:52 Checking for update using obsidian.md
2023-04-28 06:01:52 Success.
2023-04-28 06:01:52 Latest version is 1.1.16
2023-04-28 06:01:52 App is up to date.
2023-04-28 06:02:21 Loading main app package /usr/lib/obsidian/obsidian.asar
2023-04-28 06:02:21 Checking for update using Github
2023-04-28 06:02:31 Loading main app package /usr/lib/obsidian/obsidian.asar
2023-04-28 06:02:31 Checking for update using Github
2023-04-28 06:03:02 Loading main app package /usr/lib/obsidian/obsidian.asar
2023-04-28 06:03:02 Checking for update using Github
2023-04-28 06:13:21 Loading main app package /usr/lib/obsidian/obsidian.asar
2023-04-28 06:13:21 Checking for update using Github
2023-04-28 06:14:06 Loading main app package /usr/lib/obsidian/obsidian.asar
2023-04-28 06:14:07 Checking for update using Github
2023-04-28 06:14:37 Failed to check for update using Github (net::ERR_TIMED_OUT)
2023-04-28 06:14:37 Checking for update using obsidian.md
2023-04-28 06:14:37 Success.
2023-04-28 06:14:37 Latest version is 1.1.16
2023-04-28 06:14:37 App is up to date.
2023-04-28 06:14:45 Loading main app package /usr/lib/obsidian/obsidian.asar
2023-04-28 06:14:45 Checking for update using Github
2023-04-28 06:15:15 Failed to check for update using Github (net::ERR_TIMED_OUT)
2023-04-28 06:15:15 Checking for update using obsidian.md
2023-04-28 06:15:15 Success.
2023-04-28 06:15:15 Latest version is 1.1.16
2023-04-28 06:15:15 App is up to date.
2023-04-28 06:39:21 Loading main app package /usr/lib/obsidian/obsidian.asar
2023-04-28 06:39:22 Checking for update using Github
2023-04-28 06:39:52 Failed to check for update using Github (net::ERR_TIMED_OUT)
2023-04-28 06:39:52 Checking for update using obsidian.md
2023-04-28 06:39:52 Success.
2023-04-28 06:39:52 Latest version is 1.1.16
2023-04-28 06:39:52 App is up to date.
2023-04-28 06:45:44 Loading main app package /usr/lib/obsidian/obsidian.asar
2023-04-28 06:45:44 Checking for update using Github
2023-04-28 12:17:18 Loading main app package /usr/lib/obsidian/obsidian.asar
2023-04-28 12:17:18 Checking for update using Github
2023-04-28 12:17:18 Success.
2023-04-28 12:17:18 Latest version is 1.1.16
2023-04-28 12:17:18 App is up to date.
2023-04-28 12:20:01 Loading main app package /usr/lib/obsidian/obsidian.asar
2023-04-28 12:20:01 Checking for update using Github
2023-04-28 12:20:01 Success.
2023-04-28 12:20:01 Latest version is 1.1.16
2023-04-28 12:20:01 App is up to date.
2023-04-28 12:22:47 Loading main app package /usr/lib/obsidian/obsidian.asar
2023-04-28 12:22:47 Checking for update using Github
2023-04-28 12:22:58 Loading main app package /usr/lib/obsidian/obsidian.asar
2023-04-28 12:22:58 Checking for update using Github
2023-04-28 12:22:58 Success.
2023-04-28 12:22:58 Latest version is 1.1.16
2023-04-28 12:22:58 App is up to date.
2023-04-28 12:23:26 Loading main app package /usr/lib/obsidian/obsidian.asar
2023-04-28 12:23:26 Checking for update using Github
2023-04-28 12:23:34 Loading main app package /usr/lib/obsidian/obsidian.asar
2023-04-28 12:23:34 Checking for update using Github
2023-04-28 12:23:34 Success.
2023-04-28 12:23:34 Latest version is 1.1.16
2023-04-28 12:23:34 App is up to date.
2023-04-28 12:24:56 Loading main app package /usr/lib/obsidian/obsidian.asar
2023-04-28 12:24:57 Checking for update using Github
2023-04-28 12:25:13 Loading main app package /usr/lib/obsidian/obsidian.asar
2023-04-28 12:25:13 Checking for update using Github
2023-04-28 12:25:13 Success.
2023-04-28 12:25:13 Latest version is 1.1.16
2023-04-28 12:25:13 App is up to date.
2023-04-28 12:35:41 Loading main app package /usr/lib/obsidian/obsidian.asar
2023-04-28 12:35:41 Checking for update using Github
2023-04-28 12:35:49 Loading main app package /usr/lib/obsidian/obsidian.asar
2023-04-28 12:35:49 Checking for update using Github
2023-04-28 12:35:49 Success.
2023-04-28 12:35:49 Latest version is 1.1.16
2023-04-28 12:35:49 App is up to date.
2023-04-28 12:36:44 Loading main app package /usr/lib/obsidian/obsidian.asar
2023-04-28 12:36:44 Checking for update using Github
2023-04-28 12:36:44 Success.
2023-04-28 12:36:44 Latest version is 1.1.16
2023-04-28 12:36:44 App is up to date.
2023-04-28 12:41:27 Loading main app package /usr/lib/obsidian/obsidian.asar
2023-04-28 12:41:27 Checking for update using Github
2023-04-28 12:41:28 Success.
2023-04-28 12:41:28 Latest version is 1.1.16
2023-04-28 12:41:28 App is up to date.
2023-04-28 12:47:53 Loading main app package /usr/lib/obsidian/obsidian.asar
2023-04-28 12:47:53 Checking for update using Github
2023-04-28 12:48:08 Loading main app package /usr/lib/obsidian/obsidian.asar
2023-04-28 12:48:08 Checking for update using Github
2023-04-28 12:48:08 Success.
2023-04-28 12:48:08 Latest version is 1.1.16
2023-04-28 12:48:08 App is up to date.
2023-04-28 12:48:43 Loading main app package /usr/lib/obsidian/obsidian.asar
2023-04-28 12:48:43 Checking for update using Github
2023-04-28 12:48:44 Success.
2023-04-28 12:48:44 Latest version is 1.1.16
2023-04-28 12:48:44 App is up to date.
2023-04-28 12:50:25 Loading main app package /usr/lib/obsidian/obsidian.asar
2023-04-28 12:50:25 Checking for update using Github
2023-04-28 12:50:36 Loading main app package /usr/lib/obsidian/obsidian.asar
2023-04-28 12:50:36 Checking for update using Github
2023-04-28 12:50:36 Success.
2023-04-28 12:50:36 Latest version is 1.1.16
2023-04-28 12:50:36 App is up to date.
2023-04-28 12:54:34 Loading main app package /usr/lib/obsidian/obsidian.asar
2023-04-28 12:54:34 Checking for update using Github
2023-04-28 12:54:34 Success.
2023-04-28 12:54:34 Latest version is 1.1.16
2023-04-28 12:54:34 App is up to date.
2023-04-28 12:56:48 Loading main app package /usr/lib/obsidian/obsidian.asar
2023-04-28 12:56:48 Checking for update using Github
2023-04-28 12:56:57 Loading main app package /usr/lib/obsidian/obsidian.asar
2023-04-28 12:56:57 Checking for update using Github
2023-04-28 12:56:57 Success.
2023-04-28 12:56:57 Latest version is 1.1.16
2023-04-28 12:56:57 App is up to date.
2023-04-28 12:57:09 Loading main app package /usr/lib/obsidian/obsidian.asar
2023-04-28 12:57:09 Checking for update using Github
2023-04-28 12:57:09 Success.
2023-04-28 12:57:09 Latest version is 1.1.16
2023-04-28 12:57:09 App is up to date.
2023-04-28 13:02:47 Loading main app package /usr/lib/obsidian/obsidian.asar
2023-04-28 13:02:47 Checking for update using Github
2023-04-28 13:07:17 Loading main app package /usr/lib/obsidian/obsidian.asar
2023-04-28 13:07:17 Checking for update using Github
2023-04-28 13:07:18 Success.
2023-04-28 13:07:18 Latest version is 1.1.16
2023-04-28 13:07:18 App is up to date.
2023-04-28 13:08:58 Loading main app package /usr/lib/obsidian/obsidian.asar
2023-04-28 13:08:58 Checking for update using Github
2023-04-28 13:08:58 Success.
2023-04-28 13:08:58 Latest version is 1.1.16
2023-04-28 13:08:58 App is up to date.
2023-04-28 13:10:46 Loading main app package /usr/lib/obsidian/obsidian.asar
2023-04-28 13:10:46 Checking for update using Github
2023-04-28 13:20:56 Loading main app package /usr/lib/obsidian/obsidian.asar
2023-04-28 13:20:56 Checking for update using Github
2023-04-28 14:08:58 Checking for update using Github
2023-04-28 14:23:34 Failed to check for update using Github (net::ERR_TIMED_OUT)
2023-04-28 14:23:34 Checking for update using obsidian.md
2023-04-28 14:52:25 Loading main app package /usr/lib/obsidian/obsidian.asar
2023-04-28 14:52:26 Checking for update using Github
2023-04-28 14:52:26 Success.
2023-04-28 14:52:26 Latest version is 1.1.16
2023-04-28 14:52:26 App is up to date.
2023-04-28 15:16:02 Loading main app package /usr/lib/obsidian/obsidian.asar
2023-04-28 15:16:02 Checking for update using Github
2023-04-28 15:18:24 Loading main app package /usr/lib/obsidian/obsidian.asar
2023-04-28 15:18:24 Checking for update using Github
2023-04-28 15:22:34 Loading main app package /usr/lib/obsidian/obsidian.asar
2023-04-28 15:22:34 Checking for update using Github
2023-04-28 15:24:26 Loading main app package /usr/lib/obsidian/obsidian.asar
2023-04-28 15:24:26 Checking for update using Github
2023-04-28 15:24:37 Loading main app package /usr/lib/obsidian/obsidian.asar
2023-04-28 15:24:37 Checking for update using Github
2023-04-28 15:24:47 Loading main app package /usr/lib/obsidian/obsidian.asar
2023-04-28 15:24:47 Checking for update using Github
2023-04-28 15:24:58 Loading main app package /usr/lib/obsidian/obsidian.asar
2023-04-28 15:24:58 Checking for update using Github
2023-04-28 15:25:19 Loading main app package /usr/lib/obsidian/obsidian.asar
2023-04-28 15:25:20 Checking for update using Github
2023-04-28 15:26:00 Loading main app package /usr/lib/obsidian/obsidian.asar
2023-04-28 15:26:00 Checking for update using Github
2023-04-28 15:26:20 Loading main app package /usr/lib/obsidian/obsidian.asar
2023-04-28 15:26:20 Checking for update using Github
2023-04-28 15:26:20 Success.
2023-04-28 15:26:20 Latest version is 1.1.16
2023-04-28 15:26:20 App is up to date.
2023-04-28 16:26:20 Checking for update using Github
2023-04-28 16:26:20 Success.
2023-04-28 16:26:20 Latest version is 1.1.16
2023-04-28 16:26:20 App is up to date.
2023-04-28 17:26:20 Checking for update using Github
2023-04-28 17:26:20 Success.
2023-04-28 17:26:20 Latest version is 1.1.16
2023-04-28 17:26:20 App is up to date.
2023-04-28 18:26:20 Checking for update using Github
2023-04-28 18:26:20 Success.
2023-04-28 18:26:20 Latest version is 1.1.16
2023-04-28 18:26:20 App is up to date.
2023-04-28 19:26:20 Checking for update using Github
2023-04-28 19:26:20 Success.
2023-04-28 19:26:20 Latest version is 1.1.16
2023-04-28 19:26:20 App is up to date.
2023-04-28 20:26:20 Checking for update using Github
2023-04-28 20:26:20 Success.
2023-04-28 20:26:20 Latest version is 1.1.16
2023-04-28 20:26:20 App is up to date.
2023-04-28 21:26:20 Checking for update using Github
2023-04-28 21:26:20 Success.
2023-04-28 21:26:20 Latest version is 1.1.16
2023-04-28 21:26:20 App is up to date.
2023-04-28 22:26:20 Checking for update using Github
2023-04-28 22:26:20 Success.
2023-04-28 22:26:20 Latest version is 1.1.16
2023-04-28 22:26:20 App is up to date.
2023-04-28 23:26:20 Checking for update using Github
2023-04-28 23:26:21 Success.
2023-04-28 23:26:21 Latest version is 1.1.16
2023-04-28 23:26:21 App is up to date.
2023-04-29 00:26:21 Checking for update using Github
2023-04-29 00:26:21 Success.
2023-04-29 00:26:21 Latest version is 1.1.16
2023-04-29 00:26:21 App is up to date.
2023-04-29 01:26:21 Checking for update using Github
2023-04-29 01:26:21 Success.
2023-04-29 01:26:21 Latest version is 1.1.16
2023-04-29 01:26:21 App is up to date.
2023-04-29 01:41:40 Loading main app package /usr/lib/obsidian/obsidian.asar
2023-04-29 01:41:40 Checking for update using Github
2023-04-29 01:42:57 Loading main app package /usr/lib/obsidian/obsidian.asar
2023-04-29 01:42:57 Checking for update using Github
2023-04-29 02:26:21 Checking for update using Github
2023-04-29 02:26:21 Success.
2023-04-29 02:26:21 Latest version is 1.1.16
2023-04-29 02:26:21 App is up to date.
2023-04-29 03:26:21 Checking for update using Github
2023-04-29 03:26:21 Success.
2023-04-29 03:26:21 Latest version is 1.1.16
2023-04-29 03:26:21 App is up to date.
2023-04-29 04:26:21 Checking for update using Github
2023-04-29 04:26:21 Success.
2023-04-29 04:26:21 Latest version is 1.1.16
2023-04-29 04:26:21 App is up to date.
2023-04-29 05:26:21 Checking for update using Github
2023-04-29 05:26:21 Success.
2023-04-29 05:26:21 Latest version is 1.1.16
2023-04-29 05:26:21 App is up to date.
2023-04-29 06:26:21 Checking for update using Github
2023-04-29 06:26:21 Success.
2023-04-29 06:26:21 Latest version is 1.1.16
2023-04-29 06:26:21 App is up to date.
2023-04-29 06:48:02 Loading main app package /usr/lib/obsidian/obsidian.asar
2023-04-29 06:48:03 Checking for update using Github
2023-04-29 06:48:30 Loading main app package /usr/lib/obsidian/obsidian.asar
2023-04-29 06:48:30 Checking for update using Github
2023-04-29 06:48:42 Loading main app package /usr/lib/obsidian/obsidian.asar
2023-04-29 06:48:43 Checking for update using Github
2023-04-29 06:51:52 Loading main app package /usr/lib/obsidian/obsidian.asar
2023-04-29 06:51:59 Checking for update using Github
2023-04-29 06:51:59 Success.
2023-04-29 06:51:59 Latest version is 1.1.16
2023-04-29 06:51:59 App is up to date.
2023-04-29 06:52:06 Loading main app package /usr/lib/obsidian/obsidian.asar
2023-04-29 06:52:07 Checking for update using Github
2023-04-29 06:52:58 Loading main app package /usr/lib/obsidian/obsidian.asar
2023-04-29 06:52:58 Checking for update using Github
2023-04-29 06:57:49 Loading main app package /usr/lib/obsidian/obsidian.asar
2023-04-29 06:57:49 Checking for update using Github
2023-04-29 06:58:49 Loading main app package /usr/lib/obsidian/obsidian.asar
2023-04-29 06:58:49 Checking for update using Github
2023-04-29 07:02:38 Loading main app package /usr/lib/obsidian/obsidian.asar
2023-04-29 07:02:38 Checking for update using Github
2023-04-29 07:02:59 Loading main app package /usr/lib/obsidian/obsidian.asar
2023-04-29 07:02:59 Checking for update using Github
2023-04-29 07:03:31 Loading main app package /usr/lib/obsidian/obsidian.asar
2023-04-29 07:03:31 Checking for update using Github
2023-04-29 07:03:58 Loading main app package /usr/lib/obsidian/obsidian.asar
2023-04-29 07:03:58 Checking for update using Github
2023-04-29 07:03:58 Loading main app package /usr/lib/obsidian/obsidian.asar
2023-04-29 07:03:59 Checking for update using Github
2023-04-29 07:04:04 Loading main app package /usr/lib/obsidian/obsidian.asar
2023-04-29 07:04:05 Checking for update using Github
2023-04-29 07:04:05 Success.
2023-04-29 07:04:05 Latest version is 1.1.16
2023-04-29 07:04:05 App is up to date.
2023-04-29 07:04:08 Loading main app package /usr/lib/obsidian/obsidian.asar
2023-04-29 07:04:08 Checking for update using Github
2023-04-29 07:04:50 Loading main app package /usr/lib/obsidian/obsidian.asar
2023-04-29 07:04:51 Checking for update using Github
2023-04-29 07:05:22 Loading main app package /usr/lib/obsidian/obsidian.asar
2023-04-29 07:05:22 Checking for update using Github
2023-04-29 07:05:32 Loading main app package /usr/lib/obsidian/obsidian.asar
2023-04-29 07:05:33 Checking for update using Github
2023-04-29 08:04:05 Checking for update using Github
2023-04-29 08:04:05 Success.
2023-04-29 08:04:05 Latest version is 1.1.16
2023-04-29 08:04:05 App is up to date.
2023-04-29 09:04:05 Checking for update using Github
2023-04-29 09:04:05 Success.
2023-04-29 09:04:05 Latest version is 1.1.16
2023-04-29 09:04:05 App is up to date.
2023-04-29 09:34:42 Loading main app package /usr/lib/obsidian/obsidian.asar
2023-04-29 09:34:42 Checking for update using Github
2023-04-29 09:34:51 Loading main app package /usr/lib/obsidian/obsidian.asar
2023-04-29 09:34:51 Checking for update using Github
2023-04-29 09:37:03 Loading main app package /usr/lib/obsidian/obsidian.asar
2023-04-29 09:37:03 Checking for update using Github
2023-04-29 10:04:05 Checking for update using Github
2023-04-29 10:04:05 Success.
2023-04-29 10:04:05 Latest version is 1.1.16
2023-04-29 10:04:05 App is up to date.
2023-04-29 11:04:05 Checking for update using Github
2023-04-29 11:04:05 Success.
2023-04-29 11:04:05 Latest version is 1.1.16
2023-04-29 11:04:05 App is up to date.
2023-04-29 12:04:05 Checking for update using Github
2023-04-29 12:04:05 Success.
2023-04-29 12:04:05 Latest version is 1.1.16
2023-04-29 12:04:05 App is up to date.
2023-04-29 14:15:36 Loading main app package /usr/lib/obsidian/obsidian.asar
2023-04-29 14:15:36 Checking for update using Github
2023-04-29 14:15:36 Success.
2023-04-29 14:15:36 Latest version is 1.1.16
2023-04-29 14:15:36 App is up to date.
2023-04-29 14:16:27 Loading main app package /usr/lib/obsidian/obsidian.asar
2023-04-29 14:16:27 Checking for update using Github
2023-04-29 15:15:36 Checking for update using Github
2023-04-29 15:15:36 Success.
2023-04-29 15:15:36 Latest version is 1.1.16
2023-04-29 15:15:36 App is up to date.
